<?xml version="1.0" encoding="UTF-8"?>
<!-- Generated by org.testng.reporters.JUnitReportReporter -->
<testsuite hostname="asd1569po02037" name="com.translator.bing.Translate" tests="2" failures="0" timestamp="21 Jun 2016 06:15:30 GMT" time="0.012" errors="0">
  <testcase name="aSlowTest" time="0.003" classname="com.translator.bing.Translate"/>
  <testcase name="aFastTest" time="0.009" classname="com.translator.bing.Translate"/>
</testsuite> <!-- com.translator.bing.Translate -->
